<?xml version="1.0" encoding="UTF-8"?>
<!-- Generated by org.testng.reporters.JUnitXMLReporter -->
<testsuite hostname="ATMECSINLT-404" ignored="0" name="Test" tests="2" failures="0" timestamp="2020-12-18T11:18:26 IST" time="0.081" errors="0">
  <testcase name="@BeforeMethod browserSetUp" time="-1.608270506668E9" classname="com.atmecs.sdet.yatra.project.testbase.Base">
    <failure type="org.testng.TestNGException" message="
Parameter &amp;apos;browser&amp;apos; is required by BeforeMethod on method browserSetUp but has not been marked @Optional or defined
in C:\Users\bhavani.kore\NewWorkspace\com.atmecs.sdet.yatra.project\testng.xml">
      <![CDATA[org.testng.TestNGException: 
Parameter 'browser' is required by BeforeMethod on method browserSetUp but has not been marked @Optional or defined
in C:\Users\bhavani.kore\NewWorkspace\com.atmecs.sdet.yatra.project\testng.xml
at java.util.ArrayList.forEach(Unknown Source)
... Removed 28 stack frames]]>
    </failure>
  </testcase> <!-- @BeforeMethod browserSetUp -->
  <testcase name="@AfterMethod closeBrowser" time="-1.608270506686E9" classname="com.atmecs.sdet.yatra.project.testbase.Base">
    <skipped/>
  </testcase> <!-- @AfterMethod closeBrowser -->
  <testcase name="@BeforeMethod browserSetUp" time="-1.60827050669E9" classname="com.atmecs.sdet.yatra.project.testbase.Base">
    <failure type="org.testng.TestNGException" message="
Parameter &amp;apos;browser&amp;apos; is required by BeforeMethod on method browserSetUp but has not been marked @Optional or defined
in C:\Users\bhavani.kore\NewWorkspace\com.atmecs.sdet.yatra.project\testng.xml">
      <![CDATA[org.testng.TestNGException: 
Parameter 'browser' is required by BeforeMethod on method browserSetUp but has not been marked @Optional or defined
in C:\Users\bhavani.kore\NewWorkspace\com.atmecs.sdet.yatra.project\testng.xml
at java.util.ArrayList.forEach(Unknown Source)
... Removed 28 stack frames]]>
    </failure>
  </testcase> <!-- @BeforeMethod browserSetUp -->
  <testcase name="@AfterMethod closeBrowser" time="-1.608270506694E9" classname="com.atmecs.sdet.yatra.project.testbase.Base">
    <skipped/>
  </testcase> <!-- @AfterMethod closeBrowser -->
  <testcase name="searchCruise" time="0.0" classname="com.atmecs.sdet.yatra.project.testscripts.SearchCruise">
    <skipped/>
  </testcase> <!-- searchCruise -->
  <testcase name="displayMonuments" time="0.0" classname="com.atmecs.sdet.yatra.project.testscripts.MonumentTest">
    <skipped/>
  </testcase> <!-- displayMonuments -->
</testsuite> <!-- Test -->
